0 info it worked if it ends with ok
1 verbose cli [ 'C:\\Program Files\\nodejs\\node.exe',
1 verbose cli   'C:\\Program Files\\nodejs\\node_modules\\npm\\bin\\npm-cli.js',
1 verbose cli   'start' ]
2 info using npm@3.10.10
3 info using node@v6.10.3
4 verbose run-script [ 'prestart', 'start', 'poststart' ]
5 info lifecycle gamerandomizer@0.1.0~prestart: gamerandomizer@0.1.0
6 silly lifecycle gamerandomizer@0.1.0~prestart: no script for prestart, continuing
7 info lifecycle gamerandomizer@0.1.0~start: gamerandomizer@0.1.0
8 verbose lifecycle gamerandomizer@0.1.0~start: unsafe-perm in lifecycle true
9 verbose lifecycle gamerandomizer@0.1.0~start: PATH: C:\Program Files\nodejs\node_modules\npm\bin\node-gyp-bin;C:\Users\User\gamerandomizer\node_modules\.bin;C:\oraclexe\app\oracle\product\11.2.0\server\bin;C:\app\priyab\product\12.1.0\dbhome_1\bin;C:\app\priyankab\product\12.1.0\dbhome_1\bin;C:\app\priyanka\product\12.1.0\dbhome_1\bin;C:\app\priyankabaddam\product\12.1.0\dbhome_1\bin;C:\ProgramData\Oracle\Java\javapath;C:\Program Files\Java\jre1.8.0_77\bin;C:\WINDOWS\system32;C:\WINDOWS;C:\WINDOWS\System32\Wbem;C:\WINDOWS\System32\WindowsPowerShell\v1.0\;C:\Program Files\Java\jdk1.8.0_77\bin;C:\Program Files\apache-maven-3.3.9\bin;C:\curl;C:\Program Files\MySQL\MySQL Enterprise Backup 4.0\;C:\Program Files\MySQL\MySQL Utilities 1.6\;C:\Program Files (x86)\Skype\Phone\;C:\Program Files\zookeeper-3.4.10\zookeeper-3.4.10\bin;C:\Program Files\nodejs\;C:\Users\User\AppData\Roaming\Smilebox;C:\Users\User\AppData\Local\Microsoft\WindowsApps;C:\Program Files\Java\jdk1.8.0_77\bin;C:\Program Files\Java\jre1.8.0_77\bin;C:\Users\User\AppData\Roaming\npm
10 verbose lifecycle gamerandomizer@0.1.0~start: CWD: C:\Users\User\gamerandomizer
11 silly lifecycle gamerandomizer@0.1.0~start: Args: [ '/d /s /c', 'react-scripts start' ]
12 silly lifecycle gamerandomizer@0.1.0~start: Returned: code: 3221225786  signal: null
13 info lifecycle gamerandomizer@0.1.0~start: Failed to exec start script
14 verbose stack Error: gamerandomizer@0.1.0 start: `react-scripts start`
14 verbose stack Exit status 3221225786
14 verbose stack     at EventEmitter.<anonymous> (C:\Program Files\nodejs\node_modules\npm\lib\utils\lifecycle.js:255:16)
14 verbose stack     at emitTwo (events.js:106:13)
14 verbose stack     at EventEmitter.emit (events.js:191:7)
14 verbose stack     at ChildProcess.<anonymous> (C:\Program Files\nodejs\node_modules\npm\lib\utils\spawn.js:40:14)
14 verbose stack     at emitTwo (events.js:106:13)
14 verbose stack     at ChildProcess.emit (events.js:191:7)
14 verbose stack     at maybeClose (internal/child_process.js:886:16)
14 verbose stack     at Process.ChildProcess._handle.onexit (internal/child_process.js:226:5)
15 verbose pkgid gamerandomizer@0.1.0
16 verbose cwd C:\Users\User\gamerandomizer
17 error Windows_NT 10.0.14393
18 error argv "C:\\Program Files\\nodejs\\node.exe" "C:\\Program Files\\nodejs\\node_modules\\npm\\bin\\npm-cli.js" "start"
19 error node v6.10.3
20 error npm  v3.10.10
21 error code ELIFECYCLE
22 error gamerandomizer@0.1.0 start: `react-scripts start`
22 error Exit status 3221225786
23 error Failed at the gamerandomizer@0.1.0 start script 'react-scripts start'.
23 error Make sure you have the latest version of node.js and npm installed.
23 error If you do, this is most likely a problem with the gamerandomizer package,
23 error not with npm itself.
23 error Tell the author that this fails on your system:
23 error     react-scripts start
23 error You can get information on how to open an issue for this project with:
23 error     npm bugs gamerandomizer
23 error Or if that isn't available, you can get their info via:
23 error     npm owner ls gamerandomizer
23 error There is likely additional logging output above.
24 verbose exit [ 1, true ]
